<?xml version="1.0" encoding="UTF-8"?>
<!-- Generated by org.testng.reporters.JUnitReportReporter -->
<testsuite hostname="DESKTOP-NB17RKO" failures="0" tests="3" name="RunnerClasses.LoginRunner" time="0.184" errors="3" timestamp="2024-09-22T18:04:51 IST" skipped="0">
  <testcase classname="RunnerClasses.LoginRunner" name="runScenario" time="0.145">
    <error message="Cannot invoke &quot;org.openqa.selenium.WebDriver.findElement(org.openqa.selenium.By)&quot; because &quot;this.driver&quot; is null" type="java.lang.NullPointerException">
      <![CDATA[java.lang.NullPointerException: Cannot invoke "org.openqa.selenium.WebDriver.findElement(org.openqa.selenium.By)" because "this.driver" is null
at Steps.LoginSteps.user_enter_the_username(LoginSteps.java:26)
at ✽.User enter the username(file:///C:/Users/Sarvadnya/eclipse-workspace/SameerBDD/src/main/java/FeatureFile/login.feature:5)
]]>
    </error>
  </testcase> <!-- runScenario -->
  <system-out/>
  <testcase classname="RunnerClasses.LoginRunner" name="runScenario" time="0.021">
    <error message="Cannot invoke &quot;org.openqa.selenium.WebDriver.findElement(org.openqa.selenium.By)&quot; because &quot;this.driver&quot; is null" type="java.lang.NullPointerException">
      <![CDATA[java.lang.NullPointerException: Cannot invoke "org.openqa.selenium.WebDriver.findElement(org.openqa.selenium.By)" because "this.driver" is null
at Steps.LoginSteps.user_enter_the_username(LoginSteps.java:26)
at ✽.User enter the username(file:///C:/Users/Sarvadnya/eclipse-workspace/SameerBDD/src/main/java/FeatureFile/login.feature:13)
]]>
    </error>
  </testcase> <!-- runScenario -->
  <system-out/>
  <testcase classname="RunnerClasses.LoginRunner" name="runScenario" time="0.018">
    <error message="Cannot invoke &quot;org.openqa.selenium.WebDriver.findElement(org.openqa.selenium.By)&quot; because &quot;this.driver&quot; is null" type="java.lang.NullPointerException">
      <![CDATA[java.lang.NullPointerException: Cannot invoke "org.openqa.selenium.WebDriver.findElement(org.openqa.selenium.By)" because "this.driver" is null
at Steps.LoginSteps.user_enter_invalid_the_username(LoginSteps.java:64)
at ✽.User enter Invalid the username(file:///C:/Users/Sarvadnya/eclipse-workspace/SameerBDD/src/main/java/FeatureFile/login.feature:19)
]]>
    </error>
  </testcase> <!-- runScenario -->
  <system-out/>
</testsuite> <!-- RunnerClasses.LoginRunner -->
